<?xml version="1.0" encoding="UTF-8"?>
<!-- Generated by org.testng.reporters.JUnitXMLReporter -->
<testsuite ignored="0" hostname="LAPTOP-2NA4FFI8" failures="0" tests="2" name="Login Scenario" time="2.634" errors="0" timestamp="24 Jan 2019 16:12:37 GMT">
  <testcase classname="com.fpix.tests.Lern.LoginScenario1" name="userLogin" time="0.015">
    <skipped/>
  </testcase> <!-- userLogin -->
  <testcase classname="com.fpix.tests.Lern.LoginScenario1" name="userLogin" time="0.004">
    <skipped/>
  </testcase> <!-- userLogin -->
</testsuite> <!-- Login Scenario -->
